<?xml version="1.0" encoding="UTF-8"?>
<!-- Generated by org.testng.reporters.JUnitReportReporter -->
<testsuite hostname="LLOYDEE" failures="0" tests="1" name="testing.Testing" time="57.012" errors="0" timestamp="07 Aug 2019 03:48:59 GMT" skipped="0">
  <testcase classname="testing.Testing" name="goToOnepiece" time="57.012"/>
</testsuite> <!-- testing.Testing -->
